2026-04-16 09:03:25,997 - main - INFO - === Logging system initialized ===
2026-04-16 09:03:25,997 - main - INFO - Log file: logs/app_20260416_090325.log
2026-04-16 09:03:25,998 - main - INFO - Log level: INFO
2026-04-16 09:03:25,998 - main - INFO - Timestamp: 20260416_090325
2026-04-16 09:03:26,973 - main - INFO - Included router: routers.aihub.router
2026-04-16 09:03:26,997 - main - INFO - Included router: routers.auth.router
2026-04-16 09:03:27,000 - main - INFO - Included router: routers.health.router
2026-04-16 09:03:27,087 - main - INFO - Included router: routers.instructor_notes.router
2026-04-16 09:03:27,117 - main - INFO - Included router: routers.settings.router
2026-04-16 09:03:27,180 - main - INFO - Included router: routers.simulation_attempts.router
2026-04-16 09:03:27,216 - main - INFO - Included router: routers.storage.router
2026-04-16 09:03:27,264 - main - INFO - Included router: routers.student_consent.router
2026-04-16 09:03:27,282 - main - INFO - Included router: routers.user.router
2026-04-16 09:03:27,284 - main - INFO - === Application startup initiated ===
2026-04-16 09:03:27,284 - services.database - INFO - Ignore creating tables
2026-04-16 09:03:27,284 - services.mock_data - INFO - Ignore initialize data
2026-04-16 09:03:27,284 - services.auth - INFO - Ignore initialize admin
2026-04-16 09:03:27,284 - main - INFO - === Application startup completed successfully ===
2026-04-16 09:03:37,216 - services.database - DEBUG - [DB_OP] Starting database close
2026-04-16 09:03:37,216 - services.database - INFO - Database connections closed
2026-04-16 09:03:37,216 - services.database - DEBUG - [DB_OP] Database close completed in 0.0006s
